<?xml version="1.0" encoding="UTF-8" ?>
<testsuite tests="11" failures="0" name="Runner" time="7.241" errors="0" skipped="0">
  <properties>
[...]
</properties>
  <testcase classname="validar cadastro com sucesso no site Register" name="que eu acesse o site Register" time="5.102"/>
  <testcase classname="validar cadastro com sucesso no site Register" name="preencho o campo nome com valor nome &quot;Valeria&quot; e sobrenome &quot;Falco&quot;" time="0.362"/>
  <testcase classname="validar cadastro com sucesso no site Register" name="preencho o campo endereço com valor &quot;R Joaquim Jacinto&quot;" time="0.093"/>
  <testcase classname="validar cadastro com sucesso no site Register" name="preencho o email com valor &quot;teste@teste.com.br&quot;" time="0.104"/>
  <testcase classname="validar cadastro com sucesso no site Register" name="preencho o campo telefone com valor &quot;11984336478&quot;" time="0.09"/>
  <testcase classname="validar cadastro com sucesso no site Register" name="clico no checkbox feminino" time="0.093"/>
  <testcase classname="validar cadastro com sucesso no site Register" name="clico no checkbox movies" time="0.072"/>
  <testcase classname="validar cadastro com sucesso no site Register" name="seleciono skills &quot;Java&quot;" time="0.104"/>
  <testcase classname="validar cadastro com sucesso no site Register" name="seleciono um country" time="0.156"/>
  <testcase classname="validar cadastro com sucesso no site Register" name="seleciono o ano &quot;1968&quot;, o mes &quot;May&quot;, o dia &quot;23&quot;" time="0.243"/>
  <testcase classname="validar cadastro com sucesso no site Register" name="validar cadastro com sucesso no site Register" time="0.822"/>
</testsuite>